17 Jun 2020 11:43:11.581 hello

17 Jun 2020 11:46:09.326 hello

2020-06-17 11:46:30.009 hello

[2020-06-17 11:46:58.]456 hello

[2020-06-17 11:47:09.826] hello

[2020-06-17 12:00:35.350] hello

[2020-06-17 12:00:39.923] hello

[2020-06-17 12:01:46.998] hello

[server.cpp][init_server][19][2020-06-17 12:03:09.845] hello

[server.cpp][init_server:19][2020-06-17 12:03:40.762] hello

[2020-06-17 12:04:18.174][server.cpp][init_server:19] hello

[2020-06-17 12:04:43.082][server.cpp/init_server/19] hello

[2020-06-17 12:04:52.334][server.cpp:init_server:19] hello

[2020-06-17 12:05:46.843][server.cpp:init_server:19] hello

[2020-06-17 12:10:55.136][server.cpp:init_server:19] hello

[2020-06-17 12:10:58.838][server.cpp:init_server:19] hello

[2020-06-17 12:13:47.610][server.cpp:init_server:19] hello

[2020-06-17 12:17:34.217][server.cpp:init_server:10] hello

[2020-06-17 12:21:36.001][server.cpp:init_server:10] hello

[2020-06-17 12:21:41.667][server.cpp:init_server:10] hello

[2020-06-17 12:21:44.473][server.cpp:init_server:10] hello

[2020-06-17 12:22:04.958][server.cpp:init_server:10] hello

[2020-06-17 12:22:07.722][server.cpp:init_server:10] hello

[2020-06-17 12:22:26.153][server.cpp:init_server:10] hello

[2020-06-17 12:30:09.392][server.cpp:init_server:10] hello

[2020-06-17 12:30:12.181][server.cpp:init_server:10] hello

[2020-06-17 12:34:31.959][server.cpp:init_server:10] hello

[2020-06-17 12:34:36.994][server.cpp:init_server:10] hello

[2020-06-17 12:34:41.775][server.cpp:init_server:10] hello

[2020-06-17 12:38:13.899][server.cpp:init_server:10] hello

[2020-06-17 12:38:18.276][server.cpp:init_server:10] hello

[2020-06-17 12:38:25.855][server.cpp:init_server:10] hello world

[2020-06-17 12:41:37.176][server.cpp:init_server:10] hello world

[2020-06-17 12:41:56.819][server.cpp:init_server:10] hello world

[2020-06-17 12:42:08.595][server.cpp:init_server:10] hello world

[2020-06-17 12:42:12.266][server.cpp:init_server:10] hello world

[2020-06-17 12:49:09.714][server.cpp:init_server:10] hello world

[2020-06-17 12:49:13.587][server.cpp:init_server:10] hello world

[2020-06-17 12:49:29.517][server.cpp:init_server:10] hello world

[2020-06-17 12:50:53.831][server.cpp:init_server:10] hello world

[2020-06-17 12:50:56.358][server.cpp:init_server:10] hello world

[2020-06-17 12:51:06.901][server.cpp:init_server:10] hello world

[2020-06-17 14:54:03.729][server.cpp:init_server:10] hello world

[2020-06-17 14:54:19.058][server.cpp:init_server:10] hello world

[2020-06-17 14:54:23.970][server.cpp:init_server:10] hello world

[2020-06-17 14:54:53.584][server.cpp:init_server:10] hello world

[2020-06-17 14:56:25.127][server.cpp:init_server:10] hello world

[2020-06-17 14:56:27.569][server.cpp:init_server:10] hello world

[2020-06-17 14:58:01.013][server.cpp:init_server:10] hello world

[2020-06-17 14:58:49.188][server.cpp:init_server:10] hello world

[2020-06-17 15:00:08.975][server.cpp:init_server:10] hello world

[2020-06-17 15:00:28.207][server.cpp:init_server:10] hello world

[2020-06-17 15:00:56.576][server.cpp:init_server:10] hello world

